Thu, 24 Aug 2017 16:40:04 cos_client.py[line:117] INFO config parameter-> appid: 1252448703, region: cn-north
Thu, 24 Aug 2017 16:40:04 cos_client.py[line:447] INFO copy object, url=:http://test04-1252448703.cos.cn-north.myqcloud.com/test.txt ,headers=:{'x-cos-metadata-directive': 'Copy', 'x-cos-copy-source': 'test01-1252448703.cos.cn-north.myqcloud.com/test.txt'}
Thu, 24 Aug 2017 16:40:04 cos_client.py[line:205] INFO put object, url=:http://test0xx-1252448703.cos.cn-north.myqcloud.com/tmp67857_2MB ,headers=:{'Content-Disposition': 'download.txt', 'Cache-Control': 'no-cache'}
Thu, 24 Aug 2017 16:40:05 cos_client.py[line:191] ERROR {'Content-Length': '0', 'Content-Type': 'application/xml', 'Server': 'tencent-cos', 'Connection': 'keep-alive', 'x-cos-trace-id': 'OGVmYzZiMmQzYjA2OWNhODk0NTRkMTBiOWVmMDAxODc0OWRkZjk0ZDM1NmI1M2E2MTRlY2MzZDhmNmI5MWI1OTczMmZiNDZmZjBmNTVjMGU4NTViNDhhYWVjNzNkNzI4MGU2OTkyMWM5NTE5MGVmOTg1MDViMmE0MzdjMTc4MzY=', 'Date': 'Thu, 24 Aug 2017 08:40:05 GMT', 'x-cos-request-id': 'NTk5ZTkwZTRfZWFhZDM1MGFfMjkwYV8xMTZjZDU='}
Thu, 24 Aug 2017 16:40:05 cos_client.py[line:205] INFO put object, url=:http://test01-1252448703.cos.cn-north.myqcloud.com/对象()*'/. 存![]^&*~储{|}~() ,headers=:{'Content-Disposition': 'download.txt', 'Cache-Control': 'no-cache'}
Thu, 24 Aug 2017 16:40:05 cos_client.py[line:223] INFO get object, url=:http://test01-1252448703.cos.cn-north.myqcloud.com/对象()*'/. 存![]^&*~储{|}~() ,headers=:{}
Thu, 24 Aug 2017 16:40:05 cos_client.py[line:251] INFO delete object, url=:http://test01-1252448703.cos.cn-north.myqcloud.com/对象()*'/. 存![]^&*~储{|}~() ,headers=:{}
Thu, 24 Aug 2017 16:40:06 cos_client.py[line:205] INFO put object, url=:http://test01-1252448703.cos.cn-north.myqcloud.com/tmp67857_2MB ,headers=:{'x-cos-meta-tiedu': 'value1', 'Content-Disposition': 'download.txt', 'Cache-Control': 'no-cache'}
Thu, 24 Aug 2017 16:40:07 cos_client.py[line:223] INFO get object, url=:http://test01-1252448703.cos.cn-north.myqcloud.com/tmp67857_2MB ,headers=:{}
Thu, 24 Aug 2017 16:40:08 cos_client.py[line:417] INFO head object, url=:http://test01-1252448703.cos.cn-north.myqcloud.com/tmp67857_2MB ,headers=:{}
Thu, 24 Aug 2017 16:40:08 cos_client.py[line:417] INFO head object, url=:http://test01-1252448703.cos.cn-north.myqcloud.com/tmp67857_2MB123 ,headers=:{}
Thu, 24 Aug 2017 16:40:08 cos_client.py[line:185] ERROR {'message': 'The Resource You Head Not Exist', 'code': 'NoSuchResource', 'resource': u'http://test01-1252448703.cos.cn-north.myqcloud.com/tmp67857_2MB123', 'requestid': 'NTk5ZTkwZThfMmJhZDM1MGFfNWZiZl8xMTJiM2I=', 'traceid': 'OGVmYzZiMmQzYjA2OWNhODk0NTRkMTBiOWVmMDAxODc0OWRkZjk0ZDM1NmI1M2E2MTRlY2MzZDhmNmI5MWI1OTBjYzE2MjAxN2M1MzJiOTdkZjMxMDVlYTZjN2FiMmI0ZWYwOWQwMTU1YmYwMjU3YTgwYWJmNGMzMTcxYjhkYzI='}
Thu, 24 Aug 2017 16:40:08 cos_client.py[line:417] INFO head object, url=:http://test01-1252448703.cos.cn-north.myqcloud.com/tmp67857_2MB ,headers=:{}
Thu, 24 Aug 2017 16:40:08 cos_client.py[line:386] INFO list objects, url=:http://test01-1252448703.cos.cn-north.myqcloud.com ,headers=:{}
Thu, 24 Aug 2017 16:40:08 cos_client.py[line:358] INFO create bucket, url=:http://test67857-1252448703.cos.cn-north.myqcloud.com ,headers=:{'x-cos-acl': 'public-read'}
Thu, 24 Aug 2017 16:40:09 cos_client.py[line:372] INFO delete bucket, url=:http://test67857-1252448703.cos.cn-north.myqcloud.com ,headers=:{}
Thu, 24 Aug 2017 16:40:10 cos_client.py[line:265] INFO create multipart upload, url=:http://test01-1252448703.cos.cn-north.myqcloud.com/multipartfile.txt?uploads ,headers=:{}
Thu, 24 Aug 2017 16:40:10 cos_client.py[line:319] INFO abort multipart upload, url=:http://test01-1252448703.cos.cn-north.myqcloud.com/multipartfile.txt?uploadId=15035640107b22d13cfd16ad8c8144ac0a4e2e3a019516e06052a238d9d2c538bbab6270c1 ,headers=:{}
Thu, 24 Aug 2017 16:40:10 cos_client.py[line:265] INFO create multipart upload, url=:http://test01-1252448703.cos.cn-north.myqcloud.com/multipartfile.txt?uploads ,headers=:{}
Thu, 24 Aug 2017 16:40:10 cos_client.py[line:283] INFO put object, url=:http://test01-1252448703.cos.cn-north.myqcloud.com/multipartfile.txt?partNumber=1&uploadId=150356401005d26e572e6c48784524519ed25e78078f4da2cc276dd8208555bbc058bf78aa ,headers=:{}
Thu, 24 Aug 2017 16:40:11 cos_client.py[line:283] INFO put object, url=:http://test01-1252448703.cos.cn-north.myqcloud.com/multipartfile.txt?partNumber=2&uploadId=150356401005d26e572e6c48784524519ed25e78078f4da2cc276dd8208555bbc058bf78aa ,headers=:{}
Thu, 24 Aug 2017 16:40:12 cos_client.py[line:333] INFO list multipart upload, url=:http://test01-1252448703.cos.cn-north.myqcloud.com/multipartfile.txt?uploadId=150356401005d26e572e6c48784524519ed25e78078f4da2cc276dd8208555bbc058bf78aa ,headers=:{}
Thu, 24 Aug 2017 16:40:12 cos_client.py[line:299] INFO complete multipart upload, url=:http://test01-1252448703.cos.cn-north.myqcloud.com/multipartfile.txt?uploadId=150356401005d26e572e6c48784524519ed25e78078f4da2cc276dd8208555bbc058bf78aa ,headers=:{}
